number,value,datetime_start,datetime_complete,duration,params_max_sector_weight,params_min_sector_weight,params_momentum_lookback,params_rs_lookback,params_top_n_sectors,params_trend_ma_period,params_use_trend_filter,params_volatility_window,params_weight_smoothing_alpha,state
0,0.38303015716886596,2026-02-06 01:55:43.978366,2026-02-06 01:55:44.908447,0 days 00:00:00.930081,0.5,0.04,5,70,3,50,False,16,0.4,COMPLETE
1,0.3847645707874147,2026-02-06 01:55:44.908993,2026-02-06 01:55:46.536630,0 days 00:00:01.627637,0.5,0.05,10,30,2,40,False,16,0.2,COMPLETE
2,0.584796933598313,2026-02-06 01:55:46.537127,2026-02-06 01:55:48.204811,0 days 00:00:01.667684,0.25,0.02,15,50,5,40,False,46,0.1,COMPLETE
3,0.6504153768871299,2026-02-06 01:55:48.205287,2026-02-06 01:55:49.248654,0 days 00:00:01.043367,0.3,0.01,30,100,5,50,True,46,0.30000000000000004,COMPLETE
4,0.34503157505792553,2026-02-06 01:55:49.249112,2026-02-06 01:55:50.754678,0 days 00:00:01.505566,0.35,0.01,10,100,2,40,False,40,0.1,COMPLETE
5,0.5610327127058922,2026-02-06 01:55:50.755465,2026-02-06 01:55:51.648243,0 days 00:00:00.892778,0.45,0.05,20,100,6,20,False,52,0.2,COMPLETE
6,0.4820122944952567,2026-02-06 01:55:51.648705,2026-02-06 01:55:56.247356,0 days 00:00:04.598651,0.3,0.05,10,50,3,20,False,34,0.5,COMPLETE
7,0.5352287776965955,2026-02-06 01:55:56.247803,2026-02-06 01:55:57.384065,0 days 00:00:01.136262,0.3,0.01,25,90,5,30,True,40,0.1,COMPLETE
8,0.5349968574511385,2026-02-06 01:55:57.384597,2026-02-06 01:55:58.303082,0 days 00:00:00.918485,0.4,0.02,10,20,6,60,True,22,0.30000000000000004,COMPLETE
9,0.5570278337054703,2026-02-06 01:55:58.303541,2026-02-06 01:56:01.935785,0 days 00:00:03.632244,0.45,0.04,25,70,2,20,True,28,0.1,COMPLETE
10,0.5671311968607925,2026-02-06 01:56:01.936269,2026-02-06 01:56:06.665301,0 days 00:00:04.729032,0.25,0.02,30,80,4,60,True,52,0.4,COMPLETE
11,0.5713429234341126,2026-02-06 01:56:06.665766,2026-02-06 01:56:08.451367,0 days 00:00:01.785601,0.25,0.02,20,50,5,50,True,46,0.30000000000000004,COMPLETE
12,0.46119474377016506,2026-02-06 01:56:08.451842,2026-02-06 01:56:09.462154,0 days 00:00:01.010312,0.3,0.01,30,40,5,50,False,40,0.2,COMPLETE
13,0.5236265680476795,2026-02-06 01:56:09.462604,2026-02-06 01:56:14.198316,0 days 00:00:04.735712,0.25,0.03,15,60,4,30,True,46,0.4,COMPLETE
14,0.5623453088145811,2026-02-06 01:56:14.199076,2026-02-06 01:56:15.112615,0 days 00:00:00.913539,0.35,0.02,15,80,5,40,False,34,0.30000000000000004,COMPLETE
15,0.4972541018718901,2026-02-06 01:56:15.113067,2026-02-06 01:56:16.095422,0 days 00:00:00.982355,0.3,0.01,25,50,6,50,True,46,0.2,COMPLETE
16,0.5977961477236351,2026-02-06 01:56:16.095885,2026-02-06 01:56:20.632235,0 days 00:00:04.536350,0.25,0.03,20,30,4,30,False,52,0.5,COMPLETE
17,0.39890947086071976,2026-02-06 01:56:20.632684,2026-02-06 01:56:23.267971,0 days 00:00:02.635287,0.35,0.03,30,20,3,30,True,52,0.5,COMPLETE
18,0.5906960451748328,2026-02-06 01:56:23.268445,2026-02-06 01:56:25.313862,0 days 00:00:02.045417,0.3,0.04,20,30,4,30,True,10,0.5,COMPLETE
19,0.6014680886327044,2026-02-06 01:56:25.314317,2026-02-06 01:56:26.227545,0 days 00:00:00.913228,0.4,0.03,25,90,4,60,False,28,0.4,COMPLETE
20,0.563017410018055,2026-02-06 01:56:26.227990,2026-02-06 01:56:27.520113,0 days 00:00:01.292123,0.4,0.04,25,90,3,60,True,28,0.4,COMPLETE
21,0.5999589153137805,2026-02-06 01:56:27.520576,2026-02-06 01:56:28.477434,0 days 00:00:00.956858,0.4,0.03,30,90,4,60,False,22,0.4,COMPLETE
22,0.5999589153137805,2026-02-06 01:56:28.477886,2026-02-06 01:56:29.442524,0 days 00:00:00.964638,0.4,0.03,30,90,4,60,False,22,0.4,COMPLETE
23,0.5990946480567083,2026-02-06 01:56:29.442982,2026-02-06 01:56:30.349004,0 days 00:00:00.906022,0.45,0.03,30,100,4,60,False,22,0.30000000000000004,COMPLETE
24,0.5545573758572181,2026-02-06 01:56:30.349459,2026-02-06 01:56:31.239709,0 days 00:00:00.890250,0.4,0.04,25,80,5,50,False,28,0.4,COMPLETE
25,0.6072733186419171,2026-02-06 01:56:31.240162,2026-02-06 01:56:32.418820,0 days 00:00:01.178658,0.35,0.02,30,90,4,60,False,16,0.30000000000000004,COMPLETE
26,0.5891019571846337,2026-02-06 01:56:32.419297,2026-02-06 01:56:35.096350,0 days 00:00:02.677053,0.35,0.02,25,100,3,50,False,16,0.30000000000000004,COMPLETE
27,0.5092402405288651,2026-02-06 01:56:35.096802,2026-02-06 01:56:36.127918,0 days 00:00:01.031116,0.35,0.01,30,70,5,60,False,10,0.30000000000000004,COMPLETE
28,0.549297551130479,2026-02-06 01:56:36.128382,2026-02-06 01:56:37.059556,0 days 00:00:00.931174,0.35,0.02,25,80,6,50,True,34,0.2,COMPLETE
29,0.46286769430461355,2026-02-06 01:56:37.060005,2026-02-06 01:56:37.942214,0 days 00:00:00.882209,0.5,0.01,30,70,4,50,False,16,0.30000000000000004,COMPLETE
30,0.5573235546132749,2026-02-06 01:56:37.942662,2026-02-06 01:56:39.029168,0 days 00:00:01.086506,0.45,0.02,25,90,3,60,False,10,0.4,COMPLETE
31,0.5999589153137805,2026-02-06 01:56:39.029629,2026-02-06 01:56:39.993795,0 days 00:00:00.964166,0.4,0.03,30,90,4,60,False,22,0.4,COMPLETE
32,0.5084772561926606,2026-02-06 01:56:39.994257,2026-02-06 01:56:40.949855,0 days 00:00:00.955598,0.4,0.03,5,100,4,60,False,16,0.4,COMPLETE
33,0.6198396100272204,2026-02-06 01:56:40.950305,2026-02-06 01:56:42.012945,0 days 00:00:01.062640,0.35,0.02,30,90,4,60,False,28,0.30000000000000004,COMPLETE
34,0.6026401945278287,2026-02-06 01:56:42.013408,2026-02-06 01:56:43.022805,0 days 00:00:01.009397,0.35,0.02,30,80,5,50,False,28,0.30000000000000004,COMPLETE
35,0.6256066439974307,2026-02-06 01:56:43.023394,2026-02-06 01:56:44.094052,0 days 00:00:01.070658,0.3,0.01,30,80,5,40,False,34,0.2,COMPLETE
36,0.564188051748482,2026-02-06 01:56:44.094514,2026-02-06 01:56:45.152469,0 days 00:00:01.057955,0.3,0.01,30,60,5,40,False,40,0.2,COMPLETE
37,0.5793631352275492,2026-02-06 01:56:45.152917,2026-02-06 01:56:46.059948,0 days 00:00:00.907031,0.3,0.01,30,100,6,40,False,34,0.2,COMPLETE
38,0.5452055053140128,2026-02-06 01:56:46.060404,2026-02-06 01:56:47.053389,0 days 00:00:00.992985,0.3,0.01,20,100,5,40,False,40,0.2,COMPLETE
39,0.5422641789242371,2026-02-06 01:56:47.053844,2026-02-06 01:56:47.996635,0 days 00:00:00.942791,0.35,0.01,5,80,5,40,True,46,0.1,COMPLETE
40,0.5101357939489014,2026-02-06 01:56:47.997109,2026-02-06 01:56:49.190835,0 days 00:00:01.193726,0.3,0.02,25,70,2,50,False,34,0.30000000000000004,COMPLETE
41,0.6026401945278287,2026-02-06 01:56:49.191287,2026-02-06 01:56:50.120262,0 days 00:00:00.928975,0.35,0.02,30,80,5,50,False,28,0.30000000000000004,COMPLETE
42,0.6084058560551726,2026-02-06 01:56:50.120718,2026-02-06 01:56:51.061369,0 days 00:00:00.940651,0.35,0.02,30,90,5,50,False,22,0.30000000000000004,COMPLETE
43,0.5539328034527399,2026-02-06 01:56:51.061822,2026-02-06 01:56:52.008283,0 days 00:00:00.946461,0.3,0.01,30,90,6,50,False,22,0.30000000000000004,COMPLETE
44,0.6317615820314989,2026-02-06 01:56:52.008757,2026-02-06 01:56:52.968281,0 days 00:00:00.959524,0.35,0.02,30,100,5,40,False,16,0.30000000000000004,COMPLETE
45,0.5459265467361455,2026-02-06 01:56:52.968748,2026-02-06 01:56:54.036369,0 days 00:00:01.067621,0.3,0.02,25,100,5,40,False,22,0.2,COMPLETE
46,0.6411557098461137,2026-02-06 01:56:54.036834,2026-02-06 01:56:55.966782,0 days 00:00:01.929948,0.25,0.01,30,100,5,40,True,16,0.2,COMPLETE
47,0.5327598103585208,2026-02-06 01:56:55.967250,2026-02-06 01:56:57.283252,0 days 00:00:01.316002,0.25,0.01,25,100,6,40,True,10,0.2,COMPLETE
48,0.643552809326888,2026-02-06 01:56:57.283703,2026-02-06 01:56:59.220365,0 days 00:00:01.936662,0.25,0.01,30,100,5,40,True,16,0.1,COMPLETE
49,0.643552809326888,2026-02-06 01:56:59.220830,2026-02-06 01:57:01.259273,0 days 00:00:02.038443,0.25,0.01,30,100,5,40,True,16,0.1,COMPLETE
