number,value,datetime_start,datetime_complete,duration,params_max_sector_weight,params_min_sector_weight,params_momentum_lookback,params_rs_lookback,params_top_n_sectors,params_trend_ma_period,params_use_trend_filter,params_volatility_window,params_weight_smoothing_alpha,state
0,0.23169773933936466,2026-02-06 02:30:18.285684,2026-02-06 02:30:19.207045,0 days 00:00:00.921361,0.5,0.04,5,70,3,50,False,16,0.4,COMPLETE
1,0.24607687762168196,2026-02-06 02:30:19.207945,2026-02-06 02:30:20.854346,0 days 00:00:01.646401,0.5,0.05,10,30,2,40,False,16,0.2,COMPLETE
2,0.33703462369539455,2026-02-06 02:30:20.854931,2026-02-06 02:30:22.403877,0 days 00:00:01.548946,0.25,0.02,15,50,5,40,False,46,0.1,COMPLETE
3,0.42321138579493295,2026-02-06 02:30:22.404444,2026-02-06 02:30:23.458823,0 days 00:00:01.054379,0.3,0.01,30,100,5,50,True,46,0.30000000000000004,COMPLETE
4,0.25096416426461593,2026-02-06 02:30:23.459408,2026-02-06 02:30:24.876904,0 days 00:00:01.417496,0.35,0.01,10,100,2,40,False,40,0.1,COMPLETE
5,0.35543162304088455,2026-02-06 02:30:24.877468,2026-02-06 02:30:25.745124,0 days 00:00:00.867656,0.45,0.05,20,100,6,20,False,52,0.2,COMPLETE
6,0.28020492896519644,2026-02-06 02:30:25.745688,2026-02-06 02:30:30.141626,0 days 00:00:04.395938,0.3,0.05,10,50,3,20,False,34,0.5,COMPLETE
7,0.33636373839759076,2026-02-06 02:30:30.142187,2026-02-06 02:30:31.292262,0 days 00:00:01.150075,0.3,0.01,25,90,5,30,True,40,0.1,COMPLETE
8,0.30725930573297056,2026-02-06 02:30:31.292839,2026-02-06 02:30:32.239481,0 days 00:00:00.946642,0.4,0.02,10,20,6,60,True,22,0.30000000000000004,COMPLETE
9,0.3840790361869381,2026-02-06 02:30:32.240069,2026-02-06 02:30:35.739595,0 days 00:00:03.499526,0.45,0.04,25,70,2,20,True,28,0.1,COMPLETE
10,0.37910804215793953,2026-02-06 02:30:35.740307,2026-02-06 02:30:40.469261,0 days 00:00:04.728954,0.25,0.02,30,80,4,60,True,52,0.4,COMPLETE
11,0.3144392583497048,2026-02-06 02:30:40.469810,2026-02-06 02:30:41.586316,0 days 00:00:01.116506,0.35,0.03,30,70,4,50,True,28,0.30000000000000004,COMPLETE
12,0.34078616084584773,2026-02-06 02:30:41.586885,2026-02-06 02:30:42.582558,0 days 00:00:00.995673,0.4,0.04,25,80,5,30,True,28,0.2,COMPLETE
13,0.30499137447462493,2026-02-06 02:30:42.583246,2026-02-06 02:30:43.836164,0 days 00:00:01.252918,0.45,0.03,25,50,3,50,True,10,0.4,COMPLETE
14,0.42392466898023795,2026-02-06 02:30:43.837034,2026-02-06 02:30:44.848432,0 days 00:00:01.011398,0.45,0.04,30,90,5,30,True,34,0.30000000000000004,COMPLETE
15,0.4210129287175565,2026-02-06 02:30:44.849004,2026-02-06 02:30:45.976792,0 days 00:00:01.127788,0.3,0.03,30,90,5,30,True,40,0.30000000000000004,COMPLETE
16,0.38686202864298347,2026-02-06 02:30:45.977365,2026-02-06 02:30:46.930033,0 days 00:00:00.952668,0.35,0.01,20,100,6,50,True,46,0.5,COMPLETE
17,0.42385216669790676,2026-02-06 02:30:46.930617,2026-02-06 02:30:47.917635,0 days 00:00:00.987018,0.4,0.04,30,90,4,30,True,34,0.4,COMPLETE
18,0.41800010041675156,2026-02-06 02:30:47.918214,2026-02-06 02:30:48.888137,0 days 00:00:00.969923,0.4,0.04,20,80,4,30,True,34,0.4,COMPLETE
19,0.29945244803748133,2026-02-06 02:30:48.888713,2026-02-06 02:30:49.844616,0 days 00:00:00.955903,0.45,0.04,30,60,4,30,True,22,0.5,COMPLETE
20,0.32537610357572555,2026-02-06 02:30:49.845214,2026-02-06 02:30:50.797515,0 days 00:00:00.952301,0.5,0.05,15,90,3,20,True,34,0.4,COMPLETE
21,0.41984906806805616,2026-02-06 02:30:50.798109,2026-02-06 02:30:51.745922,0 days 00:00:00.947813,0.4,0.03,30,90,5,40,True,46,0.30000000000000004,COMPLETE
22,0.3610490609002874,2026-02-06 02:30:51.746500,2026-02-06 02:30:52.729361,0 days 00:00:00.982861,0.35,0.04,25,100,5,30,True,40,0.2,COMPLETE
23,0.38550291419230215,2026-02-06 02:30:52.730437,2026-02-06 02:30:53.725664,0 days 00:00:00.995227,0.45,0.02,30,80,4,40,True,34,0.30000000000000004,COMPLETE
24,0.36524322806856435,2026-02-06 02:30:53.726368,2026-02-06 02:30:54.721349,0 days 00:00:00.994981,0.3,0.04,25,90,6,60,True,46,0.4,COMPLETE
25,0.4502224104342182,2026-02-06 02:30:54.721943,2026-02-06 02:30:55.762253,0 days 00:00:01.040310,0.4,0.03,30,100,4,40,True,22,0.30000000000000004,COMPLETE
26,0.3372092670093274,2026-02-06 02:30:55.762848,2026-02-06 02:30:56.963306,0 days 00:00:01.200458,0.4,0.03,25,60,4,30,True,22,0.2,COMPLETE
27,0.4186206408697851,2026-02-06 02:30:56.963905,2026-02-06 02:30:58.001302,0 days 00:00:01.037397,0.45,0.03,30,90,4,40,True,16,0.4,COMPLETE
28,0.3624343961448386,2026-02-06 02:30:58.001862,2026-02-06 02:30:59.429138,0 days 00:00:01.427276,0.4,0.04,20,80,3,30,True,28,0.30000000000000004,COMPLETE
29,0.27990861118259863,2026-02-06 02:30:59.429867,2026-02-06 02:31:00.315797,0 days 00:00:00.885930,0.5,0.05,30,40,4,20,False,16,0.4,COMPLETE
30,0.2171335859082485,2026-02-06 02:31:00.316366,2026-02-06 02:31:01.394204,0 days 00:00:01.077838,0.5,0.04,5,70,3,40,True,22,0.5,COMPLETE
31,0.40813387059717476,2026-02-06 02:31:01.394760,2026-02-06 02:31:02.419292,0 days 00:00:01.024532,0.35,0.02,30,100,5,50,True,10,0.30000000000000004,COMPLETE
32,0.4260278780583508,2026-02-06 02:31:02.419861,2026-02-06 02:31:03.370660,0 days 00:00:00.950799,0.4,0.01,30,100,5,40,True,34,0.2,COMPLETE
33,0.3588934994998539,2026-02-06 02:31:03.371230,2026-02-06 02:31:04.368983,0 days 00:00:00.997753,0.4,0.05,25,100,5,40,True,34,0.2,COMPLETE
34,0.43321876075803334,2026-02-06 02:31:04.369557,2026-02-06 02:31:05.350104,0 days 00:00:00.980547,0.45,0.02,30,90,4,40,False,28,0.2,COMPLETE
35,0.4215604965778251,2026-02-06 02:31:05.350654,2026-02-06 02:31:06.257758,0 days 00:00:00.907104,0.45,0.02,30,100,5,40,False,28,0.2,COMPLETE
36,0.3281861513143858,2026-02-06 02:31:06.258399,2026-02-06 02:31:07.150298,0 days 00:00:00.891899,0.5,0.01,25,100,6,40,False,22,0.2,COMPLETE
37,0.3557044631045653,2026-02-06 02:31:07.150873,2026-02-06 02:31:08.058579,0 days 00:00:00.907706,0.45,0.02,5,90,4,40,False,28,0.1,COMPLETE
38,0.35527193041800736,2026-02-06 02:31:08.059215,2026-02-06 02:31:09.085181,0 days 00:00:01.025966,0.45,0.01,30,70,5,40,False,16,0.2,COMPLETE
39,0.3335685601870527,2026-02-06 02:31:09.085721,2026-02-06 02:31:10.001932,0 days 00:00:00.916211,0.4,0.01,15,80,4,50,False,40,0.2,COMPLETE
40,0.26627431919183747,2026-02-06 02:31:10.002496,2026-02-06 02:31:10.934922,0 days 00:00:00.932426,0.45,0.02,25,30,5,40,False,22,0.1,COMPLETE
41,0.43386589365767286,2026-02-06 02:31:10.935490,2026-02-06 02:31:11.894585,0 days 00:00:00.959095,0.4,0.03,30,90,4,30,False,34,0.30000000000000004,COMPLETE
42,0.45524677033845384,2026-02-06 02:31:11.895153,2026-02-06 02:31:12.920520,0 days 00:00:01.025367,0.4,0.03,30,100,4,30,False,34,0.30000000000000004,COMPLETE
43,0.45970652660399197,2026-02-06 02:31:12.921112,2026-02-06 02:31:14.292576,0 days 00:00:01.371464,0.35,0.03,30,100,4,40,False,28,0.30000000000000004,COMPLETE
44,0.45970652660399197,2026-02-06 02:31:14.293604,2026-02-06 02:31:15.487531,0 days 00:00:01.193927,0.35,0.03,30,100,4,20,False,28,0.30000000000000004,COMPLETE
45,0.4230261471303985,2026-02-06 02:31:15.488128,2026-02-06 02:31:18.314485,0 days 00:00:02.826357,0.35,0.03,25,100,3,20,False,28,0.30000000000000004,COMPLETE
46,0.4574720414945394,2026-02-06 02:31:18.315042,2026-02-06 02:31:19.434952,0 days 00:00:01.119910,0.35,0.03,30,100,4,20,False,40,0.30000000000000004,COMPLETE
47,0.4398850938868125,2026-02-06 02:31:19.435557,2026-02-06 02:31:22.136064,0 days 00:00:02.700507,0.35,0.03,25,100,3,20,False,40,0.30000000000000004,COMPLETE
48,0.45482561442059066,2026-02-06 02:31:22.136984,2026-02-06 02:31:24.067596,0 days 00:00:01.930612,0.3,0.03,30,100,4,20,False,22,0.30000000000000004,COMPLETE
49,0.3613968563894982,2026-02-06 02:31:24.068172,2026-02-06 02:31:26.601721,0 days 00:00:02.533549,0.25,0.03,20,100,3,20,False,40,0.30000000000000004,COMPLETE
50,0.21436439644808983,2026-02-06 02:31:26.602303,2026-02-06 02:31:27.871388,0 days 00:00:01.269085,0.3,0.03,30,20,2,20,False,28,0.30000000000000004,COMPLETE
51,0.453890871292469,2026-02-06 02:31:27.871960,2026-02-06 02:31:29.046881,0 days 00:00:01.174921,0.35,0.03,30,100,4,20,False,22,0.30000000000000004,COMPLETE
52,0.453890871292469,2026-02-06 02:31:29.047456,2026-02-06 02:31:30.200698,0 days 00:00:01.153242,0.35,0.03,30,100,4,20,False,22,0.30000000000000004,COMPLETE
53,0.43142843426597643,2026-02-06 02:31:30.201278,2026-02-06 02:31:31.962513,0 days 00:00:01.761235,0.3,0.03,30,90,4,20,False,16,0.30000000000000004,COMPLETE
54,0.39006700753931167,2026-02-06 02:31:31.963076,2026-02-06 02:31:33.039222,0 days 00:00:01.076146,0.35,0.03,25,100,4,20,False,28,0.30000000000000004,COMPLETE
55,0.453890871292469,2026-02-06 02:31:33.039782,2026-02-06 02:31:34.159427,0 days 00:00:01.119645,0.35,0.03,30,100,4,20,False,22,0.30000000000000004,COMPLETE
56,0.42252639192043967,2026-02-06 02:31:34.159977,2026-02-06 02:31:35.904362,0 days 00:00:01.744385,0.3,0.03,30,90,4,20,False,28,0.4,COMPLETE
57,0.39008598964637564,2026-02-06 02:31:35.905057,2026-02-06 02:31:36.965516,0 days 00:00:01.060459,0.35,0.03,25,100,4,20,False,34,0.30000000000000004,COMPLETE
58,0.3793211918036813,2026-02-06 02:31:36.966066,2026-02-06 02:31:41.399794,0 days 00:00:04.433728,0.25,0.02,30,80,4,30,False,46,0.4,COMPLETE
59,0.43299528846982377,2026-02-06 02:31:41.400364,2026-02-06 02:31:43.244082,0 days 00:00:01.843718,0.3,0.03,30,90,4,20,False,22,0.30000000000000004,COMPLETE
60,0.4580249059737469,2026-02-06 02:31:43.244681,2026-02-06 02:31:47.423711,0 days 00:00:04.179030,0.3,0.03,30,100,3,20,False,40,0.30000000000000004,COMPLETE
61,0.4580249059737469,2026-02-06 02:31:47.424269,2026-02-06 02:31:51.638624,0 days 00:00:04.214355,0.3,0.03,30,100,3,20,False,40,0.30000000000000004,COMPLETE
62,0.4580249059737469,2026-02-06 02:31:51.646307,2026-02-06 02:31:55.835188,0 days 00:00:04.188881,0.3,0.03,30,100,3,20,False,40,0.30000000000000004,COMPLETE
63,0.27249651170495026,2026-02-06 02:31:55.835746,2026-02-06 02:31:56.972809,0 days 00:00:01.137063,0.25,0.03,10,90,2,20,False,40,0.30000000000000004,COMPLETE
64,0.4633281310632857,2026-02-06 02:31:56.973390,2026-02-06 02:32:01.395153,0 days 00:00:04.421763,0.3,0.03,30,100,3,30,False,46,0.30000000000000004,COMPLETE
65,0.4708748336620258,2026-02-06 02:32:01.396111,2026-02-06 02:32:05.650176,0 days 00:00:04.254065,0.3,0.03,30,100,3,20,False,52,0.4,COMPLETE
66,0.4025541258021261,2026-02-06 02:32:05.650734,2026-02-06 02:32:09.918391,0 days 00:00:04.267657,0.3,0.04,30,90,3,30,False,52,0.4,COMPLETE
67,0.4227298865226043,2026-02-06 02:32:09.918946,2026-02-06 02:32:14.219064,0 days 00:00:04.300118,0.3,0.02,25,100,3,20,False,52,0.4,COMPLETE
68,0.3617034538060363,2026-02-06 02:32:14.219626,2026-02-06 02:32:15.402028,0 days 00:00:01.182402,0.3,0.04,25,50,2,30,False,46,0.4,COMPLETE
69,0.39347303229217606,2026-02-06 02:32:15.402630,2026-02-06 02:32:17.855890,0 days 00:00:02.453260,0.25,0.03,30,90,3,20,False,52,0.5,COMPLETE
70,0.26158331545005853,2026-02-06 02:32:17.856439,2026-02-06 02:32:22.184210,0 days 00:00:04.327771,0.3,0.03,30,40,3,20,False,46,0.4,COMPLETE
71,0.4580249059737469,2026-02-06 02:32:22.184777,2026-02-06 02:32:26.461540,0 days 00:00:04.276763,0.3,0.03,30,100,3,20,False,40,0.30000000000000004,COMPLETE
72,0.4633281310632857,2026-02-06 02:32:26.462104,2026-02-06 02:32:30.831036,0 days 00:00:04.368932,0.3,0.03,30,100,3,20,False,46,0.30000000000000004,COMPLETE
73,0.46353791642152953,2026-02-06 02:32:30.831601,2026-02-06 02:32:35.112373,0 days 00:00:04.280772,0.3,0.03,30,100,3,20,False,52,0.30000000000000004,COMPLETE
74,0.46353791642152953,2026-02-06 02:32:35.112929,2026-02-06 02:32:39.353989,0 days 00:00:04.241060,0.3,0.03,30,100,3,20,False,52,0.30000000000000004,COMPLETE
75,0.38840701908501596,2026-02-06 02:32:39.354563,2026-02-06 02:32:40.465548,0 days 00:00:01.110985,0.25,0.04,30,90,2,30,False,52,0.30000000000000004,COMPLETE
76,0.46353791642152953,2026-02-06 02:32:40.466115,2026-02-06 02:32:44.805626,0 days 00:00:04.339511,0.3,0.03,30,100,3,20,False,52,0.30000000000000004,COMPLETE
77,0.4025541258021261,2026-02-06 02:32:44.806203,2026-02-06 02:32:49.172341,0 days 00:00:04.366138,0.3,0.03,30,90,3,30,False,52,0.4,COMPLETE
78,0.45527039842070727,2026-02-06 02:32:49.172908,2026-02-06 02:32:53.596277,0 days 00:00:04.423369,0.3,0.02,30,100,3,20,False,52,0.2,COMPLETE
79,0.4399245178440499,2026-02-06 02:32:53.597046,2026-02-06 02:32:54.700669,0 days 00:00:01.103623,0.25,0.03,25,100,2,60,False,46,0.30000000000000004,COMPLETE
80,0.35586471671336684,2026-02-06 02:32:54.701247,2026-02-06 02:32:59.172259,0 days 00:00:04.471012,0.3,0.03,20,90,3,20,False,52,0.30000000000000004,COMPLETE
81,0.46353791642152953,2026-02-06 02:32:59.172850,2026-02-06 02:33:03.964783,0 days 00:00:04.791933,0.3,0.03,30,100,3,20,False,52,0.30000000000000004,COMPLETE
82,0.46353791642152953,2026-02-06 02:33:03.965779,2026-02-06 02:33:08.453352,0 days 00:00:04.487573,0.3,0.03,30,100,3,20,False,52,0.30000000000000004,COMPLETE
83,0.46353791642152953,2026-02-06 02:33:08.453914,2026-02-06 02:33:12.725877,0 days 00:00:04.271963,0.3,0.03,30,100,3,20,False,52,0.30000000000000004,COMPLETE
84,0.34703644795505145,2026-02-06 02:33:12.726453,2026-02-06 02:33:17.107275,0 days 00:00:04.380822,0.3,0.03,15,100,3,20,False,52,0.30000000000000004,COMPLETE
85,0.46353791642152953,2026-02-06 02:33:17.107847,2026-02-06 02:33:21.355119,0 days 00:00:04.247272,0.3,0.03,30,100,3,20,False,52,0.30000000000000004,COMPLETE
86,0.4149948178681237,2026-02-06 02:33:21.355697,2026-02-06 02:33:25.639241,0 days 00:00:04.283544,0.3,0.03,30,90,3,20,False,52,0.30000000000000004,COMPLETE
87,0.45527039842070727,2026-02-06 02:33:25.639804,2026-02-06 02:33:29.902275,0 days 00:00:04.262471,0.3,0.03,30,100,3,20,False,52,0.2,COMPLETE
88,0.46725534430198196,2026-02-06 02:33:29.902842,2026-02-06 02:33:32.405162,0 days 00:00:02.502320,0.25,0.02,30,100,3,20,False,52,0.30000000000000004,COMPLETE
89,0.27687236571050156,2026-02-06 02:33:32.407683,2026-02-06 02:33:34.986351,0 days 00:00:02.578668,0.25,0.02,30,60,3,20,False,52,0.5,COMPLETE
90,0.46725534430198196,2026-02-06 02:33:34.987280,2026-02-06 02:33:37.482537,0 days 00:00:02.495257,0.25,0.02,30,100,3,20,False,52,0.30000000000000004,COMPLETE
91,0.46725534430198196,2026-02-06 02:33:37.483093,2026-02-06 02:33:39.945604,0 days 00:00:02.462511,0.25,0.02,30,100,3,20,False,52,0.30000000000000004,COMPLETE
92,0.46725534430198196,2026-02-06 02:33:39.946183,2026-02-06 02:33:42.405604,0 days 00:00:02.459421,0.25,0.02,30,100,3,20,False,52,0.30000000000000004,COMPLETE
93,0.46725534430198196,2026-02-06 02:33:42.406168,2026-02-06 02:33:44.880405,0 days 00:00:02.474237,0.25,0.02,30,100,3,20,False,52,0.30000000000000004,COMPLETE
94,0.4179465773175504,2026-02-06 02:33:44.880981,2026-02-06 02:33:47.335202,0 days 00:00:02.454221,0.25,0.02,30,90,3,20,False,52,0.30000000000000004,COMPLETE
95,0.46725534430198196,2026-02-06 02:33:47.335757,2026-02-06 02:33:49.811792,0 days 00:00:02.476035,0.25,0.02,30,100,3,20,False,52,0.30000000000000004,COMPLETE
96,0.45556066509095106,2026-02-06 02:33:49.812574,2026-02-06 02:33:52.242629,0 days 00:00:02.430055,0.25,0.02,25,100,3,20,False,52,0.30000000000000004,COMPLETE
97,0.4659616967987274,2026-02-06 02:33:52.243195,2026-02-06 02:33:54.756035,0 days 00:00:02.512840,0.25,0.02,30,100,3,20,False,46,0.2,COMPLETE
98,0.4171868765310062,2026-02-06 02:33:54.756607,2026-02-06 02:33:57.275983,0 days 00:00:02.519376,0.25,0.02,30,90,3,20,False,46,0.1,COMPLETE
99,0.4649337349849185,2026-02-06 02:33:57.276562,2026-02-06 02:33:59.679538,0 days 00:00:02.402976,0.25,0.02,25,100,3,20,False,52,0.2,COMPLETE
