number,value,datetime_start,datetime_complete,duration,params_max_sector_weight,params_min_sector_weight,params_momentum_lookback,params_rs_lookback,params_top_n_sectors,params_trend_ma_period,params_use_trend_filter,params_volatility_window,params_weight_smoothing_alpha,state
0,0.45094698343736783,2026-02-06 02:22:38.018166,2026-02-06 02:22:38.934783,0 days 00:00:00.916617,0.5,0.04,5,70,3,50,False,16,0.4,COMPLETE
1,0.45888601727646866,2026-02-06 02:22:38.935454,2026-02-06 02:22:40.555311,0 days 00:00:01.619857,0.5,0.05,10,30,2,40,False,16,0.2,COMPLETE
2,0.6990907134845846,2026-02-06 02:22:40.555905,2026-02-06 02:22:42.105877,0 days 00:00:01.549972,0.25,0.02,15,50,5,40,False,46,0.1,COMPLETE
3,0.780189216215204,2026-02-06 02:22:42.106439,2026-02-06 02:22:43.146256,0 days 00:00:01.039817,0.3,0.01,30,100,5,50,True,46,0.30000000000000004,COMPLETE
4,0.4023858731625006,2026-02-06 02:22:43.146820,2026-02-06 02:22:44.573719,0 days 00:00:01.426899,0.35,0.01,10,100,2,40,False,40,0.1,COMPLETE
5,0.6689615030441928,2026-02-06 02:22:44.574275,2026-02-06 02:22:45.435542,0 days 00:00:00.861267,0.45,0.05,20,100,6,20,False,52,0.2,COMPLETE
6,0.5763279414444499,2026-02-06 02:22:45.436092,2026-02-06 02:22:49.765861,0 days 00:00:04.329769,0.3,0.05,10,50,3,20,False,34,0.5,COMPLETE
7,0.6443596494332181,2026-02-06 02:22:49.766422,2026-02-06 02:22:50.834825,0 days 00:00:01.068403,0.3,0.01,25,90,5,30,True,40,0.1,COMPLETE
8,0.6270560296061658,2026-02-06 02:22:50.835389,2026-02-06 02:22:51.762677,0 days 00:00:00.927288,0.4,0.02,10,20,6,60,True,22,0.30000000000000004,COMPLETE
9,0.6766245631300452,2026-02-06 02:22:51.763236,2026-02-06 02:22:55.277347,0 days 00:00:03.514111,0.45,0.04,25,70,2,20,True,28,0.1,COMPLETE
10,0.6886918712388646,2026-02-06 02:22:55.277916,2026-02-06 02:22:59.956224,0 days 00:00:04.678308,0.25,0.02,30,80,4,60,True,52,0.4,COMPLETE
11,0.6821512995503757,2026-02-06 02:22:59.956879,2026-02-06 02:23:01.715316,0 days 00:00:01.758437,0.25,0.02,20,50,5,50,True,46,0.30000000000000004,COMPLETE
12,0.5362935968676077,2026-02-06 02:23:01.716044,2026-02-06 02:23:02.822579,0 days 00:00:01.106535,0.3,0.01,30,40,5,50,False,40,0.2,COMPLETE
13,0.6261735025662432,2026-02-06 02:23:02.823152,2026-02-06 02:23:07.521020,0 days 00:00:04.697868,0.25,0.03,15,60,4,30,True,46,0.4,COMPLETE
14,0.6661609265364776,2026-02-06 02:23:07.521683,2026-02-06 02:23:08.500510,0 days 00:00:00.978827,0.35,0.02,15,80,5,40,False,34,0.30000000000000004,COMPLETE
15,0.5871059477048985,2026-02-06 02:23:08.501090,2026-02-06 02:23:09.490289,0 days 00:00:00.989199,0.3,0.01,25,50,6,50,True,46,0.2,COMPLETE
16,0.7214535973056697,2026-02-06 02:23:09.490857,2026-02-06 02:23:13.937087,0 days 00:00:04.446230,0.25,0.03,20,30,4,30,False,52,0.5,COMPLETE
17,0.480446672843698,2026-02-06 02:23:13.937668,2026-02-06 02:23:16.556841,0 days 00:00:02.619173,0.35,0.03,30,20,3,30,True,52,0.5,COMPLETE
18,0.708377786279213,2026-02-06 02:23:16.557409,2026-02-06 02:23:18.682661,0 days 00:00:02.125252,0.3,0.04,20,30,4,30,True,10,0.5,COMPLETE
19,0.7391320346478876,2026-02-06 02:23:18.683232,2026-02-06 02:23:19.616290,0 days 00:00:00.933058,0.4,0.03,25,90,4,60,False,28,0.4,COMPLETE
20,0.7037867359790567,2026-02-06 02:23:19.616850,2026-02-06 02:23:20.921027,0 days 00:00:01.304177,0.4,0.04,25,90,3,60,True,28,0.4,COMPLETE
21,0.7292045907181915,2026-02-06 02:23:20.921582,2026-02-06 02:23:21.895984,0 days 00:00:00.974402,0.4,0.03,30,90,4,60,False,22,0.4,COMPLETE
22,0.7292045907181915,2026-02-06 02:23:21.896569,2026-02-06 02:23:22.879439,0 days 00:00:00.982870,0.4,0.03,30,90,4,60,False,22,0.4,COMPLETE
23,0.7284330671795626,2026-02-06 02:23:22.880003,2026-02-06 02:23:23.804957,0 days 00:00:00.924954,0.45,0.03,30,100,4,60,False,22,0.30000000000000004,COMPLETE
24,0.6675222462938222,2026-02-06 02:23:23.805515,2026-02-06 02:23:24.712947,0 days 00:00:00.907432,0.4,0.04,25,80,5,50,False,28,0.4,COMPLETE
25,0.7375674373779019,2026-02-06 02:23:24.713500,2026-02-06 02:23:25.837994,0 days 00:00:01.124494,0.35,0.02,30,90,4,60,False,16,0.30000000000000004,COMPLETE
26,0.7408731856463356,2026-02-06 02:23:25.838548,2026-02-06 02:23:28.524428,0 days 00:00:02.685880,0.35,0.02,25,100,3,50,False,16,0.30000000000000004,COMPLETE
27,0.7472173286121949,2026-02-06 02:23:28.525016,2026-02-06 02:23:31.211725,0 days 00:00:02.686709,0.35,0.01,25,100,3,50,False,10,0.30000000000000004,COMPLETE
28,0.7523812048529929,2026-02-06 02:23:31.212392,2026-02-06 02:23:33.997830,0 days 00:00:02.785438,0.35,0.01,25,100,3,50,True,10,0.2,COMPLETE
29,0.5473013969511134,2026-02-06 02:23:33.998440,2026-02-06 02:23:38.879727,0 days 00:00:04.881287,0.3,0.01,20,100,3,50,True,10,0.2,COMPLETE
30,0.6230854141030036,2026-02-06 02:23:38.880307,2026-02-06 02:23:40.799036,0 days 00:00:01.918729,0.35,0.01,25,70,2,50,True,10,0.2,COMPLETE
31,0.7408731856463356,2026-02-06 02:23:40.799607,2026-02-06 02:23:43.611552,0 days 00:00:02.811945,0.35,0.01,25,100,3,50,True,16,0.30000000000000004,COMPLETE
32,0.528501465658872,2026-02-06 02:23:43.612193,2026-02-06 02:23:46.486301,0 days 00:00:02.874108,0.35,0.01,5,100,3,50,True,10,0.30000000000000004,COMPLETE
33,0.6794179960409105,2026-02-06 02:23:46.487042,2026-02-06 02:23:50.911773,0 days 00:00:04.424731,0.3,0.02,25,80,3,40,False,16,0.2,COMPLETE
34,0.7218576966031588,2026-02-06 02:23:50.912337,2026-02-06 02:23:52.644934,0 days 00:00:01.732597,0.35,0.01,30,100,2,40,False,16,0.30000000000000004,COMPLETE
35,0.5546813018879727,2026-02-06 02:23:52.645483,2026-02-06 02:23:55.497277,0 days 00:00:02.851794,0.35,0.02,20,100,3,50,True,10,0.2,COMPLETE
36,0.7522215390693796,2026-02-06 02:23:55.497836,2026-02-06 02:23:57.199640,0 days 00:00:01.701804,0.5,0.01,25,90,2,40,False,16,0.30000000000000004,COMPLETE
37,0.4821040912058457,2026-02-06 02:23:57.200203,2026-02-06 02:23:58.882847,0 days 00:00:01.682644,0.5,0.01,20,90,2,40,False,10,0.2,COMPLETE
38,0.6521737942016176,2026-02-06 02:23:58.883421,2026-02-06 02:24:02.376668,0 days 00:00:03.493247,0.45,0.01,30,80,2,40,True,34,0.1,COMPLETE
39,0.6074432097036747,2026-02-06 02:24:02.377720,2026-02-06 02:24:03.980905,0 days 00:00:01.603185,0.5,0.01,25,60,2,40,False,10,0.30000000000000004,COMPLETE
40,0.600389272843304,2026-02-06 02:24:03.981470,2026-02-06 02:24:04.965170,0 days 00:00:00.983700,0.3,0.01,5,70,6,50,True,16,0.2,COMPLETE
41,0.7408731856463356,2026-02-06 02:24:04.965723,2026-02-06 02:24:07.753085,0 days 00:00:02.787362,0.35,0.02,25,100,3,50,False,16,0.30000000000000004,COMPLETE
42,0.7810665325595367,2026-02-06 02:24:07.753660,2026-02-06 02:24:09.055516,0 days 00:00:01.301856,0.3,0.01,25,100,2,50,False,16,0.30000000000000004,COMPLETE
43,0.5134978207491445,2026-02-06 02:24:09.056088,2026-02-06 02:24:10.259707,0 days 00:00:01.203619,0.3,0.01,20,90,2,40,False,22,0.30000000000000004,COMPLETE
44,0.7609945689122858,2026-02-06 02:24:10.260259,2026-02-06 02:24:11.585757,0 days 00:00:01.325498,0.3,0.01,25,100,2,50,False,10,0.30000000000000004,COMPLETE
45,0.6618689565286081,2026-02-06 02:24:11.586316,2026-02-06 02:24:12.722595,0 days 00:00:01.136279,0.25,0.01,30,90,2,40,False,40,0.30000000000000004,COMPLETE
46,0.47580283673525625,2026-02-06 02:24:12.723171,2026-02-06 02:24:13.891121,0 days 00:00:01.167950,0.3,0.01,20,100,2,50,False,22,0.1,COMPLETE
47,0.7007180567487773,2026-02-06 02:24:13.891673,2026-02-06 02:24:15.234829,0 days 00:00:01.343156,0.3,0.02,25,90,2,50,True,10,0.2,COMPLETE
48,0.7236515294652847,2026-02-06 02:24:15.235399,2026-02-06 02:24:16.369707,0 days 00:00:01.134308,0.25,0.05,15,100,2,40,False,16,0.30000000000000004,COMPLETE
49,0.5685341751940042,2026-02-06 02:24:16.370281,2026-02-06 02:24:17.641872,0 days 00:00:01.271591,0.3,0.01,30,80,2,50,True,34,0.4,COMPLETE
50,0.7545731480597994,2026-02-06 02:24:17.642438,2026-02-06 02:24:18.750509,0 days 00:00:01.108071,0.25,0.02,25,90,2,40,False,46,0.30000000000000004,COMPLETE
51,0.7545731480597994,2026-02-06 02:24:18.751070,2026-02-06 02:24:19.897468,0 days 00:00:01.146398,0.25,0.02,25,90,2,40,False,46,0.30000000000000004,COMPLETE
52,0.7927063264971358,2026-02-06 02:24:19.898051,2026-02-06 02:24:20.999260,0 days 00:00:01.101209,0.25,0.02,25,100,2,30,False,46,0.30000000000000004,COMPLETE
53,0.7545731480597994,2026-02-06 02:24:20.999805,2026-02-06 02:24:22.117431,0 days 00:00:01.117626,0.25,0.02,25,90,2,20,False,46,0.30000000000000004,COMPLETE
54,0.6690287868108328,2026-02-06 02:24:22.118005,2026-02-06 02:24:23.210833,0 days 00:00:01.092828,0.25,0.02,20,100,2,30,False,46,0.4,COMPLETE
55,0.6239757335934468,2026-02-06 02:24:23.211403,2026-02-06 02:24:24.360293,0 days 00:00:01.148890,0.25,0.02,30,80,2,30,False,52,0.30000000000000004,COMPLETE
56,0.7562879938489955,2026-02-06 02:24:24.360860,2026-02-06 02:24:26.152795,0 days 00:00:01.791935,0.25,0.02,25,90,5,20,False,40,0.30000000000000004,COMPLETE
57,0.5463660473358333,2026-02-06 02:24:26.153352,2026-02-06 02:24:27.813038,0 days 00:00:01.659686,0.25,0.02,30,40,5,20,False,40,0.4,COMPLETE
58,0.6765789331051536,2026-02-06 02:24:27.813619,2026-02-06 02:24:29.497748,0 days 00:00:01.684129,0.25,0.02,10,100,5,20,False,40,0.30000000000000004,COMPLETE
59,0.7498326607839239,2026-02-06 02:24:29.498304,2026-02-06 02:24:31.162403,0 days 00:00:01.664099,0.25,0.03,20,90,5,30,False,52,0.4,COMPLETE
60,0.6331892272629158,2026-02-06 02:24:31.162966,2026-02-06 02:24:32.077758,0 days 00:00:00.914792,0.3,0.02,25,70,6,20,False,46,0.30000000000000004,COMPLETE
61,0.7577475225766906,2026-02-06 02:24:32.078321,2026-02-06 02:24:33.875457,0 days 00:00:01.797136,0.25,0.02,25,90,5,30,False,46,0.30000000000000004,COMPLETE
62,0.7276160461572188,2026-02-06 02:24:33.876013,2026-02-06 02:24:35.533820,0 days 00:00:01.657807,0.25,0.02,25,100,5,30,False,46,0.30000000000000004,COMPLETE
63,0.7562879938489955,2026-02-06 02:24:35.534364,2026-02-06 02:24:37.333804,0 days 00:00:01.799440,0.25,0.02,25,90,5,20,False,40,0.30000000000000004,COMPLETE
64,0.7295893268258261,2026-02-06 02:24:37.334487,2026-02-06 02:24:38.509821,0 days 00:00:01.175334,0.3,0.03,30,80,5,20,False,40,0.30000000000000004,COMPLETE
65,0.7227941645273329,2026-02-06 02:24:38.510405,2026-02-06 02:24:40.260741,0 days 00:00:01.750336,0.25,0.02,25,100,5,20,False,40,0.30000000000000004,COMPLETE
66,0.6854279130947706,2026-02-06 02:24:40.261313,2026-02-06 02:24:41.366153,0 days 00:00:01.104840,0.25,0.01,25,90,6,20,False,34,0.30000000000000004,COMPLETE
67,0.6486479399266625,2026-02-06 02:24:41.366727,2026-02-06 02:24:42.347553,0 days 00:00:00.980826,0.3,0.02,20,60,5,30,False,52,0.30000000000000004,COMPLETE
68,0.787591675517836,2026-02-06 02:24:42.348117,2026-02-06 02:24:44.018511,0 days 00:00:01.670394,0.25,0.03,30,100,5,20,False,40,0.4,COMPLETE
69,0.6703111273243382,2026-02-06 02:24:44.019068,2026-02-06 02:24:45.018256,0 days 00:00:00.999188,0.3,0.04,15,100,5,30,False,46,0.5,COMPLETE
70,0.7679170599032947,2026-02-06 02:24:45.018819,2026-02-06 02:24:49.501776,0 days 00:00:04.482957,0.25,0.03,30,100,4,20,False,40,0.4,COMPLETE
71,0.7679170599032947,2026-02-06 02:24:49.502342,2026-02-06 02:24:53.994039,0 days 00:00:04.491697,0.25,0.03,30,100,4,20,False,40,0.4,COMPLETE
72,0.7866948887290172,2026-02-06 02:24:53.994594,2026-02-06 02:24:58.473577,0 days 00:00:04.478983,0.25,0.03,30,100,4,20,False,46,0.4,COMPLETE
73,0.7679170599032947,2026-02-06 02:24:58.474145,2026-02-06 02:25:03.039781,0 days 00:00:04.565636,0.25,0.03,30,100,4,20,False,40,0.4,COMPLETE
74,0.7679170599032947,2026-02-06 02:25:03.040336,2026-02-06 02:25:07.555666,0 days 00:00:04.515330,0.25,0.03,30,100,4,20,False,40,0.4,COMPLETE
75,0.7363590432601478,2026-02-06 02:25:07.556247,2026-02-06 02:25:12.292753,0 days 00:00:04.736506,0.25,0.03,30,100,4,20,False,34,0.5,COMPLETE
76,0.7679170599032947,2026-02-06 02:25:12.293641,2026-02-06 02:25:16.969019,0 days 00:00:04.675378,0.25,0.03,30,100,4,20,False,40,0.4,COMPLETE
77,0.7421525050636009,2026-02-06 02:25:16.969572,2026-02-06 02:25:21.515504,0 days 00:00:04.545932,0.25,0.03,30,100,4,20,False,34,0.4,COMPLETE
78,0.7679170599032947,2026-02-06 02:25:21.516064,2026-02-06 02:25:26.003248,0 days 00:00:04.487184,0.25,0.03,30,100,4,20,False,40,0.4,COMPLETE
79,0.7427599495300257,2026-02-06 02:25:26.003833,2026-02-06 02:25:30.491178,0 days 00:00:04.487345,0.25,0.04,30,100,4,20,False,46,0.4,COMPLETE
80,0.7895677228599159,2026-02-06 02:25:30.491817,2026-02-06 02:25:35.090702,0 days 00:00:04.598885,0.25,0.03,30,100,4,20,True,52,0.4,COMPLETE
81,0.7866948887290172,2026-02-06 02:25:35.091267,2026-02-06 02:25:39.645409,0 days 00:00:04.554142,0.25,0.03,30,100,4,20,True,46,0.4,COMPLETE
82,0.7895677228599159,2026-02-06 02:25:39.645966,2026-02-06 02:25:44.379584,0 days 00:00:04.733618,0.25,0.03,30,100,4,20,True,52,0.4,COMPLETE
83,0.7895677228599159,2026-02-06 02:25:44.380140,2026-02-06 02:25:48.977112,0 days 00:00:04.596972,0.25,0.03,30,100,4,20,True,52,0.4,COMPLETE
84,0.7895677228599159,2026-02-06 02:25:48.977664,2026-02-06 02:25:53.603384,0 days 00:00:04.625720,0.25,0.03,30,100,4,20,True,52,0.4,COMPLETE
85,0.7848599904101113,2026-02-06 02:25:53.603944,2026-02-06 02:25:58.236316,0 days 00:00:04.632372,0.25,0.03,30,100,4,20,True,52,0.5,COMPLETE
86,0.7848599904101113,2026-02-06 02:25:58.236888,2026-02-06 02:26:02.882126,0 days 00:00:04.645238,0.25,0.03,30,100,4,20,True,52,0.5,COMPLETE
87,0.7848599904101113,2026-02-06 02:26:02.882695,2026-02-06 02:26:07.539264,0 days 00:00:04.656569,0.25,0.03,30,100,4,20,True,52,0.5,COMPLETE
88,0.7712995766761019,2026-02-06 02:26:07.539824,2026-02-06 02:26:12.085113,0 days 00:00:04.545289,0.25,0.03,30,90,4,20,True,52,0.5,COMPLETE
89,0.7895677228599159,2026-02-06 02:26:12.085697,2026-02-06 02:26:16.674329,0 days 00:00:04.588632,0.25,0.03,30,100,4,20,True,52,0.4,COMPLETE
90,0.7474760129297497,2026-02-06 02:26:16.674889,2026-02-06 02:26:21.293483,0 days 00:00:04.618594,0.25,0.04,30,100,4,20,True,52,0.4,COMPLETE
91,0.7895677228599159,2026-02-06 02:26:21.294032,2026-02-06 02:26:25.875546,0 days 00:00:04.581514,0.25,0.03,30,100,4,20,True,52,0.4,COMPLETE
92,0.7895677228599159,2026-02-06 02:26:25.876109,2026-02-06 02:26:30.463182,0 days 00:00:04.587073,0.25,0.03,30,100,4,20,True,52,0.4,COMPLETE
93,0.7895677228599159,2026-02-06 02:26:30.463741,2026-02-06 02:26:35.064435,0 days 00:00:04.600694,0.25,0.03,30,100,4,20,True,52,0.4,COMPLETE
94,0.7863922489959109,2026-02-06 02:26:35.064988,2026-02-06 02:26:39.611050,0 days 00:00:04.546062,0.25,0.03,30,90,4,20,True,52,0.4,COMPLETE
95,0.7895677228599159,2026-02-06 02:26:39.611618,2026-02-06 02:26:44.195351,0 days 00:00:04.583733,0.25,0.03,30,100,4,20,True,52,0.4,COMPLETE
96,0.7895677228599159,2026-02-06 02:26:44.195930,2026-02-06 02:26:48.841732,0 days 00:00:04.645802,0.25,0.03,30,100,4,20,True,52,0.4,COMPLETE
97,0.7863922489959109,2026-02-06 02:26:48.842297,2026-02-06 02:26:53.417960,0 days 00:00:04.575663,0.25,0.03,30,90,4,20,True,52,0.4,COMPLETE
98,0.5395305857933664,2026-02-06 02:26:53.418550,2026-02-06 02:26:58.063463,0 days 00:00:04.644913,0.25,0.04,30,20,4,20,True,52,0.4,COMPLETE
99,0.7691653032082723,2026-02-06 02:26:58.064236,2026-02-06 02:27:00.600950,0 days 00:00:02.536714,0.25,0.03,30,100,3,20,True,52,0.4,COMPLETE
