number,value,datetime_start,datetime_complete,duration,params_max_sector_weight,params_min_exposure,params_min_sector_weight,params_momentum_lookback,params_risk_reduction_factor,params_rs_lookback,params_smooth_scaling,params_top_n_sectors,params_trend_ma_period,params_use_trend_filter,params_vol_percentile,params_vol_window,params_volatility_window,params_weight_smoothing_alpha,state
0,-0.41595207100270887,2026-02-06 04:25:29.733671,2026-02-06 04:25:30.093986,0 days 00:00:00.360315,0.5,0.1,0.04,5,0.7,70,False,3,50,False,0.3,30,16,0.4,COMPLETE
1,0.05454161286491497,2026-02-06 04:25:30.094733,2026-02-06 04:25:30.570803,0 days 00:00:00.476070,0.4,0.1,0.03,20,0.5,40,True,3,40,False,0.2,40,16,0.4,COMPLETE
2,0.16194261035532737,2026-02-06 04:25:30.571483,2026-02-06 04:25:31.109070,0 days 00:00:00.537587,0.5,0.30000000000000004,0.05,10,0.4,90,False,2,20,True,0.3,30,10,0.30000000000000004,COMPLETE
3,0.015110910083791142,2026-02-06 04:25:31.109737,2026-02-06 04:25:31.585219,0 days 00:00:00.475482,0.3,0.2,0.05,30,0.4,80,True,4,20,False,0.1,30,52,0.1,COMPLETE
4,-0.43114956536582055,2026-02-06 04:25:31.585868,2026-02-06 04:25:32.019251,0 days 00:00:00.433383,0.4,0.1,0.01,5,0.6000000000000001,90,True,3,20,True,0.25,80,52,0.5,COMPLETE
5,-0.17679790233574347,2026-02-06 04:25:32.019898,2026-02-06 04:25:32.375877,0 days 00:00:00.355979,0.4,0.30000000000000004,0.02,10,0.6000000000000001,20,True,6,60,True,0.25,30,22,0.30000000000000004,COMPLETE
6,-0.20733996320502845,2026-02-06 04:25:32.376554,2026-02-06 04:25:32.748166,0 days 00:00:00.371612,0.35,0.1,0.01,5,0.4,20,True,4,60,False,0.25,60,40,0.2,COMPLETE
7,-0.0031571551574303227,2026-02-06 04:25:32.748828,2026-02-06 04:25:33.104603,0 days 00:00:00.355775,0.45,0.2,0.04,25,0.4,90,False,6,60,True,0.05,50,16,0.5,COMPLETE
8,-0.1094266684685387,2026-02-06 04:25:33.105254,2026-02-06 04:25:33.781175,0 days 00:00:00.675921,0.4,0.2,0.03,5,0.7,30,True,2,40,True,0.3,50,22,0.4,COMPLETE
9,-0.6749923640848524,2026-02-06 04:25:33.781843,2026-02-06 04:25:34.555520,0 days 00:00:00.773677,0.25,0.4,0.04,5,0.6000000000000001,60,False,3,20,True,0.1,100,22,0.30000000000000004,COMPLETE
10,-0.365722463822752,2026-02-06 04:25:34.556191,2026-02-06 04:25:35.143442,0 days 00:00:00.587251,0.5,0.4,0.05,15,0.3,100,False,2,30,True,0.15000000000000002,80,34,0.1,COMPLETE
11,0.020126461566509234,2026-02-06 04:25:35.144109,2026-02-06 04:25:36.137864,0 days 00:00:00.993755,0.45,0.30000000000000004,0.03,20,0.5,40,False,2,40,False,0.2,40,10,0.4,COMPLETE
12,-0.22209994721519905,2026-02-06 04:25:36.138529,2026-02-06 04:25:36.527172,0 days 00:00:00.388643,0.45,0.30000000000000004,0.03,15,0.5,50,False,3,30,False,0.2,50,10,0.2,COMPLETE
13,-0.283151707049557,2026-02-06 04:25:36.527852,2026-02-06 04:25:37.098427,0 days 00:00:00.570575,0.35,0.30000000000000004,0.02,20,0.3,50,True,2,30,False,0.15000000000000002,40,10,0.30000000000000004,COMPLETE
14,-0.25514758122113157,2026-02-06 04:25:37.099098,2026-02-06 04:25:37.480200,0 days 00:00:00.381102,0.5,0.2,0.02,15,0.4,70,True,5,50,True,0.3,70,28,0.4,COMPLETE
15,-0.006233768530925712,2026-02-06 04:25:37.480869,2026-02-06 04:25:38.681167,0 days 00:00:01.200298,0.3,0.4,0.05,25,0.5,40,False,3,50,False,0.2,40,16,0.2,COMPLETE
16,-0.24016101957214553,2026-02-06 04:25:38.681851,2026-02-06 04:25:39.059092,0 days 00:00:00.377241,0.45,0.1,0.04,10,0.3,100,True,4,30,True,0.25,60,34,0.5,COMPLETE
17,0.19749308591241713,2026-02-06 04:25:39.059759,2026-02-06 04:25:39.426410,0 days 00:00:00.366651,0.35,0.2,0.02,10,0.4,60,False,5,40,False,0.15000000000000002,30,28,0.4,COMPLETE
18,-0.45391863749532396,2026-02-06 04:25:39.427080,2026-02-06 04:25:39.817762,0 days 00:00:00.390682,0.3,0.30000000000000004,0.02,10,0.4,70,False,5,40,True,0.1,100,40,0.30000000000000004,COMPLETE
19,-0.17646209133391538,2026-02-06 04:25:39.818419,2026-02-06 04:25:40.337110,0 days 00:00:00.518691,0.25,0.2,0.01,10,0.3,80,False,5,20,False,0.05,30,28,0.2,COMPLETE
20,0.10922117326738653,2026-02-06 04:25:40.337785,2026-02-06 04:25:40.720032,0 days 00:00:00.382247,0.35,0.30000000000000004,0.02,10,0.4,60,False,5,30,True,0.15000000000000002,70,46,0.4,COMPLETE
21,-0.2111526538062376,2026-02-06 04:25:40.720712,2026-02-06 04:25:41.111269,0 days 00:00:00.390557,0.35,0.30000000000000004,0.02,10,0.4,60,False,5,30,True,0.15000000000000002,80,46,0.4,COMPLETE
22,-0.09627738199434512,2026-02-06 04:25:41.111938,2026-02-06 04:25:41.495596,0 days 00:00:00.383658,0.35,0.30000000000000004,0.02,15,0.4,50,False,6,30,True,0.15000000000000002,70,46,0.30000000000000004,COMPLETE
23,-0.3389944389640644,2026-02-06 04:25:41.496248,2026-02-06 04:25:41.894909,0 days 00:00:00.398661,0.3,0.2,0.01,10,0.5,60,False,5,20,True,0.1,90,40,0.5,COMPLETE
24,-0.08193759386208084,2026-02-06 04:25:41.895576,2026-02-06 04:25:42.290975,0 days 00:00:00.395399,0.35,0.4,0.02,15,0.3,80,False,4,40,True,0.15000000000000002,60,46,0.4,COMPLETE
25,0.13935648331384043,2026-02-06 04:25:42.291633,2026-02-06 04:25:42.675665,0 days 00:00:00.384032,0.4,0.30000000000000004,0.03,10,0.4,60,False,5,30,True,0.2,70,28,0.30000000000000004,COMPLETE
26,-0.1760042025985267,2026-02-06 04:25:42.676350,2026-02-06 04:25:43.045739,0 days 00:00:00.369389,0.45,0.2,0.03,10,0.5,70,False,6,20,False,0.25,50,28,0.30000000000000004,COMPLETE
27,-0.6871502020769347,2026-02-06 04:25:43.046405,2026-02-06 04:25:43.424671,0 days 00:00:00.378266,0.5,0.30000000000000004,0.04,15,0.4,90,False,4,40,True,0.3,90,34,0.2,COMPLETE
28,-0.10144881314479105,2026-02-06 04:25:43.425339,2026-02-06 04:25:43.791809,0 days 00:00:00.366470,0.4,0.4,0.03,5,0.3,50,False,5,50,False,0.2,40,22,0.30000000000000004,COMPLETE
29,-0.12930269460079233,2026-02-06 04:25:43.792467,2026-02-06 04:25:44.158243,0 days 00:00:00.365776,0.5,0.2,0.05,5,0.4,70,False,4,30,False,0.3,30,28,0.4,COMPLETE
30,-0.2697737010442836,2026-02-06 04:25:44.158902,2026-02-06 04:25:44.536422,0 days 00:00:00.377520,0.45,0.30000000000000004,0.04,10,0.5,80,False,6,50,True,0.25,30,22,0.2,COMPLETE
31,0.12713733587988588,2026-02-06 04:25:44.537082,2026-02-06 04:25:44.921357,0 days 00:00:00.384275,0.35,0.30000000000000004,0.02,10,0.4,60,False,5,30,True,0.15000000000000002,70,34,0.4,COMPLETE
32,0.035056679786682324,2026-02-06 04:25:44.922020,2026-02-06 04:25:45.303020,0 days 00:00:00.381000,0.4,0.30000000000000004,0.03,10,0.4,60,False,5,40,True,0.1,70,34,0.30000000000000004,COMPLETE
33,-0.03537776463423468,2026-02-06 04:25:45.303694,2026-02-06 04:25:45.695538,0 days 00:00:00.391844,0.3,0.30000000000000004,0.01,15,0.4,40,False,5,20,True,0.2,60,28,0.4,COMPLETE
34,-0.49096286714462295,2026-02-06 04:25:45.696211,2026-02-06 04:25:46.095370,0 days 00:00:00.399159,0.4,0.2,0.02,5,0.5,70,False,4,30,True,0.15000000000000002,80,16,0.4,COMPLETE
35,-0.3767585561429876,2026-02-06 04:25:46.096061,2026-02-06 04:25:46.478055,0 days 00:00:00.381994,0.35,0.30000000000000004,0.03,30,0.3,50,False,6,20,True,0.2,90,40,0.5,COMPLETE
36,-0.08084158765967132,2026-02-06 04:25:46.478718,2026-02-06 04:25:46.868417,0 days 00:00:00.389699,0.3,0.1,0.01,10,0.4,80,False,5,30,False,0.1,70,34,0.30000000000000004,COMPLETE
37,-0.1331387214629704,2026-02-06 04:25:46.869077,2026-02-06 04:25:47.278992,0 days 00:00:00.409915,0.35,0.4,0.05,5,0.4,70,False,4,20,True,0.2,50,28,0.1,COMPLETE
38,-0.22272362193237286,2026-02-06 04:25:47.279662,2026-02-06 04:25:47.649547,0 days 00:00:00.369885,0.4,0.2,0.03,20,0.6000000000000001,30,False,6,40,False,0.15000000000000002,60,22,0.5,COMPLETE
39,-0.24713169087098327,2026-02-06 04:25:47.650242,2026-02-06 04:25:48.035660,0 days 00:00:00.385418,0.4,0.30000000000000004,0.04,5,0.5,60,True,4,40,True,0.05,40,52,0.30000000000000004,COMPLETE
40,-0.2809229986990196,2026-02-06 04:25:48.036421,2026-02-06 04:25:48.799816,0 days 00:00:00.763395,0.25,0.1,0.02,10,0.7,90,False,3,30,True,0.1,30,16,0.4,COMPLETE
41,0.10922117326738653,2026-02-06 04:25:48.800536,2026-02-06 04:25:49.185075,0 days 00:00:00.384539,0.35,0.30000000000000004,0.02,10,0.4,60,False,5,30,True,0.15000000000000002,70,46,0.4,COMPLETE
42,-0.2218809963314982,2026-02-06 04:25:49.185769,2026-02-06 04:25:49.571333,0 days 00:00:00.385564,0.35,0.30000000000000004,0.02,10,0.4,60,False,5,20,True,0.15000000000000002,80,52,0.4,COMPLETE
43,0.05287510153644001,2026-02-06 04:25:49.571996,2026-02-06 04:25:49.954991,0 days 00:00:00.382995,0.35,0.30000000000000004,0.01,15,0.4,50,False,5,30,True,0.25,70,40,0.4,COMPLETE
44,-0.3047426038656151,2026-02-06 04:25:49.955651,2026-02-06 04:25:50.352530,0 days 00:00:00.396879,0.3,0.30000000000000004,0.02,5,0.3,60,False,5,30,True,0.15000000000000002,80,34,0.5,COMPLETE
45,0.09606918244709012,2026-02-06 04:25:50.353185,2026-02-06 04:25:50.731656,0 days 00:00:00.378471,0.4,0.2,0.03,10,0.4,50,False,6,20,True,0.1,60,22,0.4,COMPLETE
46,-0.283980380330388,2026-02-06 04:25:50.732326,2026-02-06 04:25:51.319588,0 days 00:00:00.587262,0.35,0.30000000000000004,0.02,15,0.5,70,True,2,60,False,0.2,70,10,0.30000000000000004,COMPLETE
47,-0.2250091006344414,2026-02-06 04:25:51.320295,2026-02-06 04:25:51.791599,0 days 00:00:00.471304,0.3,0.4,0.02,5,0.4,30,False,5,40,True,0.15000000000000002,50,16,0.4,COMPLETE
48,0.22432144452127778,2026-02-06 04:25:51.792273,2026-02-06 04:25:52.320528,0 days 00:00:00.528255,0.5,0.2,0.03,10,0.3,60,False,4,40,True,0.3,30,52,0.30000000000000004,COMPLETE
49,-0.0273220819466795,2026-02-06 04:25:52.321172,2026-02-06 04:25:52.841175,0 days 00:00:00.520003,0.5,0.2,0.04,15,0.3,100,True,2,40,False,0.3,30,52,0.2,COMPLETE
50,0.3205077266384211,2026-02-06 04:25:52.841861,2026-02-06 04:25:53.233753,0 days 00:00:00.391892,0.5,0.2,0.03,10,0.3,40,False,3,50,True,0.3,40,40,0.30000000000000004,COMPLETE
51,0.3205077266384211,2026-02-06 04:25:53.234794,2026-02-06 04:25:53.623928,0 days 00:00:00.389134,0.5,0.2,0.03,10,0.3,40,False,3,50,True,0.3,40,40,0.30000000000000004,COMPLETE
52,0.04164230476728756,2026-02-06 04:25:53.624594,2026-02-06 04:25:54.017477,0 days 00:00:00.392883,0.5,0.2,0.03,10,0.3,20,False,3,50,True,0.3,30,40,0.30000000000000004,COMPLETE
53,0.17012664487659523,2026-02-06 04:25:54.018139,2026-02-06 04:25:54.399123,0 days 00:00:00.380984,0.5,0.2,0.03,25,0.3,40,False,3,50,True,0.3,40,52,0.30000000000000004,COMPLETE
54,0.2547706023306654,2026-02-06 04:25:54.399782,2026-02-06 04:25:54.781855,0 days 00:00:00.382073,0.5,0.2,0.03,25,0.3,40,False,3,50,True,0.3,40,52,0.2,COMPLETE
55,0.2547706023306654,2026-02-06 04:25:54.782520,2026-02-06 04:25:55.164178,0 days 00:00:00.381658,0.5,0.2,0.03,25,0.3,40,False,3,50,True,0.3,40,52,0.2,COMPLETE
56,0.42488038575100184,2026-02-06 04:25:55.164864,2026-02-06 04:25:55.547229,0 days 00:00:00.382365,0.5,0.2,0.03,25,0.3,30,False,3,50,True,0.3,40,52,0.2,COMPLETE
57,0.42488038575100184,2026-02-06 04:25:55.547899,2026-02-06 04:25:55.929691,0 days 00:00:00.381792,0.5,0.2,0.03,25,0.3,30,False,3,60,True,0.3,40,52,0.2,COMPLETE
58,0.4322328661218699,2026-02-06 04:25:55.930350,2026-02-06 04:25:56.325692,0 days 00:00:00.395342,0.45,0.2,0.03,25,0.3,30,False,3,60,True,0.3,40,46,0.1,COMPLETE
59,0.23800667118734953,2026-02-06 04:25:56.326356,2026-02-06 04:25:56.839773,0 days 00:00:00.513417,0.45,0.1,0.03,25,0.3,30,True,3,60,True,0.25,40,46,0.1,COMPLETE
60,0.416494769419112,2026-02-06 04:25:56.841539,2026-02-06 04:25:57.374003,0 days 00:00:00.532464,0.5,0.2,0.04,30,0.3,20,False,3,60,True,0.3,50,46,0.1,COMPLETE
61,0.416494769419112,2026-02-06 04:25:57.374787,2026-02-06 04:25:57.765102,0 days 00:00:00.390315,0.5,0.2,0.04,30,0.3,20,False,3,60,True,0.3,50,46,0.1,COMPLETE
62,0.416494769419112,2026-02-06 04:25:57.765818,2026-02-06 04:25:58.161649,0 days 00:00:00.395831,0.5,0.2,0.04,30,0.3,20,False,3,60,True,0.3,50,46,0.1,COMPLETE
63,0.4142970319159422,2026-02-06 04:25:58.162328,2026-02-06 04:25:58.559392,0 days 00:00:00.397064,0.45,0.2,0.04,30,0.3,20,False,3,60,True,0.3,50,46,0.1,COMPLETE
64,0.4142970319159422,2026-02-06 04:25:58.560065,2026-02-06 04:25:58.998738,0 days 00:00:00.438673,0.45,0.2,0.04,30,0.3,20,False,3,60,True,0.3,50,46,0.1,COMPLETE
65,0.18680793103120583,2026-02-06 04:25:58.999438,2026-02-06 04:25:59.392774,0 days 00:00:00.393336,0.45,0.2,0.04,30,0.3,20,False,3,60,True,0.25,50,46,0.1,COMPLETE
66,0.2611331241457403,2026-02-06 04:25:59.393440,2026-02-06 04:25:59.805849,0 days 00:00:00.412409,0.45,0.2,0.04,30,0.3,30,False,3,60,True,0.3,50,46,0.1,COMPLETE
67,-0.1454088446794253,2026-02-06 04:25:59.806504,2026-02-06 04:26:00.397817,0 days 00:00:00.591313,0.5,0.2,0.04,30,0.3,20,False,2,60,True,0.25,50,46,0.1,COMPLETE
68,0.40691969265903144,2026-02-06 04:26:00.398490,2026-02-06 04:26:00.789244,0 days 00:00:00.390754,0.5,0.2,0.04,30,0.3,20,False,3,60,True,0.3,50,52,0.1,COMPLETE
69,0.40879279285128445,2026-02-06 04:26:00.789928,2026-02-06 04:26:01.774784,0 days 00:00:00.984856,0.45,0.2,0.04,25,0.3,30,False,2,60,True,0.3,50,46,0.1,COMPLETE
70,0.6431768100676297,2026-02-06 04:26:01.775577,2026-02-06 04:26:02.159320,0 days 00:00:00.383743,0.5,0.1,0.05,25,0.3,20,False,3,60,True,0.25,60,46,0.1,COMPLETE
71,0.6783484084878711,2026-02-06 04:26:02.159975,2026-02-06 04:26:02.545654,0 days 00:00:00.385679,0.5,0.1,0.05,25,0.3,20,False,3,60,True,0.3,60,46,0.1,COMPLETE
72,0.6181381222376434,2026-02-06 04:26:02.546336,2026-02-06 04:26:02.930439,0 days 00:00:00.384103,0.5,0.1,0.05,25,0.3,20,False,3,60,True,0.25,60,52,0.1,COMPLETE
73,0.4945992664183091,2026-02-06 04:26:02.931102,2026-02-06 04:26:03.324657,0 days 00:00:00.393555,0.5,0.1,0.05,25,0.3,30,False,3,60,True,0.25,60,52,0.1,COMPLETE
74,0.6616604390316513,2026-02-06 04:26:03.325318,2026-02-06 04:26:03.707115,0 days 00:00:00.381797,0.5,0.1,0.05,20,0.3,30,False,3,60,True,0.25,60,52,0.1,COMPLETE
75,0.4945992664183091,2026-02-06 04:26:03.707795,2026-02-06 04:26:04.091304,0 days 00:00:00.383509,0.5,0.1,0.05,25,0.3,30,False,3,60,True,0.25,60,52,0.1,COMPLETE
76,0.6616604390316513,2026-02-06 04:26:04.091971,2026-02-06 04:26:04.473617,0 days 00:00:00.381646,0.5,0.1,0.05,20,0.3,30,False,3,60,True,0.25,60,52,0.1,COMPLETE
77,0.45311731466140964,2026-02-06 04:26:04.474306,2026-02-06 04:26:05.052393,0 days 00:00:00.578087,0.5,0.1,0.05,20,0.3,30,False,2,60,True,0.25,60,52,0.1,COMPLETE
78,0.07041475248779411,2026-02-06 04:26:05.053077,2026-02-06 04:26:05.631033,0 days 00:00:00.577956,0.5,0.1,0.05,20,0.6000000000000001,30,True,2,60,True,0.25,60,52,0.1,COMPLETE
79,0.45311731466140964,2026-02-06 04:26:05.631688,2026-02-06 04:26:06.210199,0 days 00:00:00.578511,0.5,0.1,0.05,20,0.3,30,False,2,60,True,0.25,60,52,0.1,COMPLETE
80,0.3047989790751657,2026-02-06 04:26:06.210867,2026-02-06 04:26:06.590799,0 days 00:00:00.379932,0.5,0.1,0.05,20,0.3,20,False,4,60,True,0.25,60,52,0.1,COMPLETE
81,0.45311731466140964,2026-02-06 04:26:06.591468,2026-02-06 04:26:07.171837,0 days 00:00:00.580369,0.5,0.1,0.05,20,0.3,30,False,2,60,True,0.25,60,52,0.1,COMPLETE
82,0.45311731466140964,2026-02-06 04:26:07.172509,2026-02-06 04:26:07.750858,0 days 00:00:00.578349,0.5,0.1,0.05,20,0.3,30,False,2,60,True,0.25,60,52,0.1,COMPLETE
83,0.45311731466140964,2026-02-06 04:26:07.751512,2026-02-06 04:26:08.327858,0 days 00:00:00.576346,0.5,0.1,0.05,20,0.3,30,False,2,60,True,0.25,60,52,0.1,COMPLETE
84,0.45311731466140964,2026-02-06 04:26:08.328533,2026-02-06 04:26:08.907275,0 days 00:00:00.578742,0.5,0.1,0.05,20,0.3,30,False,2,60,True,0.25,60,52,0.1,COMPLETE
85,0.69152917082391,2026-02-06 04:26:08.907948,2026-02-06 04:26:09.484963,0 days 00:00:00.577015,0.5,0.1,0.05,25,0.3,20,False,2,60,True,0.25,60,52,0.1,COMPLETE
86,0.6181381222376434,2026-02-06 04:26:09.485609,2026-02-06 04:26:09.877537,0 days 00:00:00.391928,0.5,0.1,0.05,25,0.3,20,False,3,60,True,0.25,60,52,0.1,COMPLETE
87,0.23967622808215266,2026-02-06 04:26:09.878224,2026-02-06 04:26:10.260951,0 days 00:00:00.382727,0.5,0.1,0.05,25,0.7,20,False,3,60,True,0.25,60,52,0.1,COMPLETE
88,0.4559362706251947,2026-02-06 04:26:10.261610,2026-02-06 04:26:10.643165,0 days 00:00:00.381555,0.5,0.1,0.05,25,0.3,20,False,4,60,True,0.2,60,52,0.1,COMPLETE
89,0.6181381222376434,2026-02-06 04:26:10.643822,2026-02-06 04:26:11.028144,0 days 00:00:00.384322,0.5,0.1,0.05,25,0.3,20,False,3,60,True,0.25,60,52,0.1,COMPLETE
90,0.6208300079686648,2026-02-06 04:26:11.028803,2026-02-06 04:26:11.417384,0 days 00:00:00.388581,0.5,0.1,0.05,25,0.3,20,False,3,60,True,0.25,70,52,0.1,COMPLETE
91,0.6208300079686648,2026-02-06 04:26:11.418047,2026-02-06 04:26:11.806600,0 days 00:00:00.388553,0.5,0.1,0.05,25,0.3,20,False,3,60,True,0.25,70,52,0.1,COMPLETE
92,0.6208300079686648,2026-02-06 04:26:11.807275,2026-02-06 04:26:12.196220,0 days 00:00:00.388945,0.5,0.1,0.05,25,0.3,20,False,3,60,True,0.25,70,52,0.1,COMPLETE
93,0.6208300079686648,2026-02-06 04:26:12.196885,2026-02-06 04:26:12.586887,0 days 00:00:00.390002,0.5,0.1,0.05,25,0.3,20,False,3,60,True,0.25,70,52,0.1,COMPLETE
94,0.6208300079686648,2026-02-06 04:26:12.587577,2026-02-06 04:26:12.976425,0 days 00:00:00.388848,0.5,0.1,0.05,25,0.3,20,False,3,60,True,0.25,70,52,0.1,COMPLETE
95,0.6208300079686648,2026-02-06 04:26:12.977107,2026-02-06 04:26:13.365791,0 days 00:00:00.388684,0.5,0.1,0.05,25,0.3,20,False,3,60,True,0.25,70,52,0.1,COMPLETE
96,0.3056028478533527,2026-02-06 04:26:13.366449,2026-02-06 04:26:13.755655,0 days 00:00:00.389206,0.5,0.1,0.05,25,0.3,20,True,3,60,True,0.2,70,52,0.1,COMPLETE
97,0.44473024228013025,2026-02-06 04:26:13.756322,2026-02-06 04:26:14.143734,0 days 00:00:00.387412,0.45,0.1,0.05,25,0.3,20,False,4,60,True,0.2,70,46,0.1,COMPLETE
98,0.6566792333731296,2026-02-06 04:26:14.144388,2026-02-06 04:26:14.533177,0 days 00:00:00.388789,0.5,0.1,0.05,25,0.3,20,False,3,60,True,0.25,70,52,0.2,COMPLETE
99,0.27959416663857023,2026-02-06 04:26:14.533877,2026-02-06 04:26:14.920217,0 days 00:00:00.386340,0.5,0.1,0.05,25,0.3,20,False,3,60,False,0.25,80,52,0.2,COMPLETE
